# JRE version: Java(TM) SE Runtime Environment (8.0_191-b12) (build 1.8.0_191-b12)
# Java VM: Java HotSpot(TM) 64-Bit Server VM (25.191-b12 mixed mode windows-amd64 compressed oops)
Heap:
 PSYoungGen      total 125952K, used 45755K [0x00000000f5580000, 0x0000000100000000, 0x0000000100000000)
  eden space 95744K, 18% used [0x00000000f5580000,0x00000000f66dd168,0x00000000fb300000)
  from space 30208K, 92% used [0x00000000fe280000,0x00000000ffdd1b50,0x0000000100000000)
  to   space 39424K, 0% used [0x00000000fb300000,0x00000000fb300000,0x00000000fd980000)
 ParOldGen       total 186368K, used 69875K [0x00000000e0000000, 0x00000000eb600000, 0x00000000f5580000)
  object space 186368K, 37% used [0x00000000e0000000,0x00000000e443ce38,0x00000000eb600000)
 Metaspace       used 83856K, capacity 87892K, committed 88192K, reserved 1126400K
  class space    used 11185K, capacity 12079K, committed 12160K, reserved 1048576K
GC Heap History (10 events):
Event: 221.958 GC heap before
{Heap before GC invocations=17 (full 3):
 PSYoungGen      total 130048K, used 130034K [0x00000000f5580000, 0x0000000100000000, 0x0000000100000000)
  eden space 129536K, 100% used [0x00000000f5580000,0x00000000fd400000,0x00000000fd400000)
  from space 512K, 97% used [0x00000000fd400000,0x00000000fd47caf0,0x00000000fd480000)
  to   space 23040K, 0% used [0x00000000fe980000,0x00000000fe980000,0x0000000100000000)
 ParOldGen       total 186368K, used 43809K [0x00000000e0000000, 0x00000000eb600000, 0x00000000f5580000)
  object space 186368K, 23% used [0x00000000e0000000,0x00000000e2ac8600,0x00000000eb600000)
 Metaspace       used 70037K, capacity 73404K, committed 73728K, reserved 1112064K
  class space    used 9568K, capacity 10371K, committed 10496K, reserved 1048576K
Event: 221.978 GC heap after
Heap after GC invocations=17 (full 3):
 PSYoungGen      total 152576K, used 10383K [0x00000000f5580000, 0x0000000100000000, 0x0000000100000000)
  eden space 129536K, 0% used [0x00000000f5580000,0x00000000f5580000,0x00000000fd400000)
  from space 23040K, 45% used [0x00000000fe980000,0x00000000ff3a3de8,0x0000000100000000)
  to   space 22016K, 0% used [0x00000000fd400000,0x00000000fd400000,0x00000000fe980000)
 ParOldGen       total 186368K, used 43817K [0x00000000e0000000, 0x00000000eb600000, 0x00000000f5580000)
  object space 186368K, 23% used [0x00000000e0000000,0x00000000e2aca600,0x00000000eb600000)
 Metaspace       used 70037K, capacity 73404K, committed 73728K, reserved 1112064K
  class space    used 9568K, capacity 10371K, committed 10496K, reserved 1048576K
}
Event: 246.266 GC heap before
{Heap before GC invocations=18 (full 3):
 PSYoungGen      total 152576K, used 139919K [0x00000000f5580000, 0x0000000100000000, 0x0000000100000000)
  eden space 129536K, 100% used [0x00000000f5580000,0x00000000fd400000,0x00000000fd400000)
  from space 23040K, 45% used [0x00000000fe980000,0x00000000ff3a3de8,0x0000000100000000)
  to   space 22016K, 0% used [0x00000000fd400000,0x00000000fd400000,0x00000000fe980000)
 ParOldGen       total 186368K, used 43817K [0x00000000e0000000, 0x00000000eb600000, 0x00000000f5580000)
  object space 186368K, 23% used [0x00000000e0000000,0x00000000e2aca600,0x00000000eb600000)
 Metaspace       used 72629K, capacity 76314K, committed 76544K, reserved 1116160K
  class space    used 9919K, capacity 10738K, committed 10752K, reserved 1048576K
Event: 246.295 GC heap after
Heap after GC invocations=18 (full 3):
 PSYoungGen      total 148480K, used 18742K [0x00000000f5580000, 0x0000000100000000, 0x0000000100000000)
  eden space 129536K, 0% used [0x00000000f5580000,0x00000000f5580000,0x00000000fd400000)
  from space 18944K, 98% used [0x00000000fd400000,0x00000000fe64d858,0x00000000fe680000)
  to   space 24064K, 0% used [0x00000000fe880000,0x00000000fe880000,0x0000000100000000)
 ParOldGen       total 186368K, used 43825K [0x00000000e0000000, 0x00000000eb600000, 0x00000000f5580000)
  object space 186368K, 23% used [0x00000000e0000000,0x00000000e2acc600,0x00000000eb600000)
 Metaspace       used 72629K, capacity 76314K, committed 76544K, reserved 1116160K
  class space    used 9919K, capacity 10738K, committed 10752K, reserved 1048576K
}
Event: 263.928 GC heap before
{Heap before GC invocations=19 (full 3):
 PSYoungGen      total 148480K, used 148278K [0x00000000f5580000, 0x0000000100000000, 0x0000000100000000)
  eden space 129536K, 100% used [0x00000000f5580000,0x00000000fd400000,0x00000000fd400000)
  from space 18944K, 98% used [0x00000000fd400000,0x00000000fe64d858,0x00000000fe680000)
  to   space 24064K, 0% used [0x00000000fe880000,0x00000000fe880000,0x0000000100000000)
 ParOldGen       total 186368K, used 43825K [0x00000000e0000000, 0x00000000eb600000, 0x00000000f5580000)
  object space 186368K, 23% used [0x00000000e0000000,0x00000000e2acc600,0x00000000eb600000)
 Metaspace       used 80318K, capacity 84236K, committed 84480K, reserved 1122304K
  class space    used 10875K, capacity 11757K, committed 11776K, reserved 1048576K
Event: 263.969 GC heap after
Heap after GC invocations=19 (full 3):
 PSYoungGen      total 138240K, used 24059K [0x00000000f5580000, 0x0000000100000000, 0x0000000100000000)
  eden space 114176K, 0% used [0x00000000f5580000,0x00000000f5580000,0x00000000fc500000)
  from space 24064K, 99% used [0x00000000fe880000,0x00000000ffffeea8,0x0000000100000000)
  to   space 30208K, 0% used [0x00000000fc500000,0x00000000fc500000,0x00000000fe280000)
 ParOldGen       total 186368K, used 50304K [0x00000000e0000000, 0x00000000eb600000, 0x00000000f5580000)
  object space 186368K, 26% used [0x00000000e0000000,0x00000000e31200c0,0x00000000eb600000)
 Metaspace       used 80318K, capacity 84236K, committed 84480K, reserved 1122304K
  class space    used 10875K, capacity 11757K, committed 11776K, reserved 1048576K
}
Event: 281.291 GC heap before
{Heap before GC invocations=20 (full 3):
 PSYoungGen      total 138240K, used 138235K [0x00000000f5580000, 0x0000000100000000, 0x0000000100000000)
  eden space 114176K, 100% used [0x00000000f5580000,0x00000000fc500000,0x00000000fc500000)
  from space 24064K, 99% used [0x00000000fe880000,0x00000000ffffeea8,0x0000000100000000)
  to   space 30208K, 0% used [0x00000000fc500000,0x00000000fc500000,0x00000000fe280000)
 ParOldGen       total 186368K, used 50304K [0x00000000e0000000, 0x00000000eb600000, 0x00000000f5580000)
  object space 186368K, 26% used [0x00000000e0000000,0x00000000e31200c0,0x00000000eb600000)
 Metaspace       used 82580K, capacity 86486K, committed 86784K, reserved 1124352K
  class space    used 11077K, capacity 11956K, committed 12032K, reserved 1048576K
Event: 281.347 GC heap after
Heap after GC invocations=20 (full 3):
 PSYoungGen      total 144384K, used 30188K [0x00000000f5580000, 0x0000000100000000, 0x0000000100000000)
  eden space 114176K, 0% used [0x00000000f5580000,0x00000000f5580000,0x00000000fc500000)
  from space 30208K, 99% used [0x00000000fc500000,0x00000000fe27b3f8,0x00000000fe280000)
  to   space 30208K, 0% used [0x00000000fe280000,0x00000000fe280000,0x0000000100000000)
 ParOldGen       total 186368K, used 54706K [0x00000000e0000000, 0x00000000eb600000, 0x00000000f5580000)
  object space 186368K, 29% used [0x00000000e0000000,0x00000000e356c840,0x00000000eb600000)
 Metaspace       used 82580K, capacity 86486K, committed 86784K, reserved 1124352K
  class space    used 11077K, capacity 11956K, committed 12032K, reserved 1048576K
}
Event: 302.096 GC heap before
{Heap before GC invocations=21 (full 3):
 PSYoungGen      total 144384K, used 144364K [0x00000000f5580000, 0x0000000100000000, 0x0000000100000000)
  eden space 114176K, 100% used [0x00000000f5580000,0x00000000fc500000,0x00000000fc500000)
  from space 30208K, 99% used [0x00000000fc500000,0x00000000fe27b3f8,0x00000000fe280000)
  to   space 30208K, 0% used [0x00000000fe280000,0x00000000fe280000,0x0000000100000000)
 ParOldGen       total 186368K, used 54706K [0x00000000e0000000, 0x00000000eb600000, 0x00000000f5580000)
  object space 186368K, 29% used [0x00000000e0000000,0x00000000e356c840,0x00000000eb600000)
 Metaspace       used 83665K, capacity 87756K, committed 87936K, reserved 1124352K
  class space    used 11161K, capacity 12067K, committed 12160K, reserved 1048576K
Event: 302.174 GC heap after
Heap after GC invocations=21 (full 3):
 PSYoungGen      total 125952K, used 27974K [0x00000000f5580000, 0x0000000100000000, 0x0000000100000000)
  eden space 95744K, 0% used [0x00000000f5580000,0x00000000f5580000,0x00000000fb300000)
  from space 30208K, 92% used [0x00000000fe280000,0x00000000ffdd1b50,0x0000000100000000)
  to   space 39424K, 0% used [0x00000000fb300000,0x00000000fb300000,0x00000000fd980000)
 ParOldGen       total 186368K, used 69875K [0x00000000e0000000, 0x00000000eb600000, 0x00000000f5580000)
  object space 186368K, 37% used [0x00000000e0000000,0x00000000e443ce38,0x00000000eb600000)
 Metaspace       used 83665K, capacity 87756K, committed 87936K, reserved 1124352K
  class space    used 11161K, capacity 12067K, committed 12160K, reserved 1048576K
}

